Removed Pin From Net: NetName=VCC Pin=16-1
Removed Pin From Net: NetName=GND Pin=16-3
Removed Pin From Net: NetName=VCC Pin=C13-1
Removed Pin From Net: NetName=GND Pin=C13-2
Removed Pin From Net: NetName=VCC Pin=C14-1
Removed Pin From Net: NetName=GND Pin=C14-2
Removed Pin From Net: NetName=VCC Pin=C15-1
Removed Pin From Net: NetName=GND Pin=C15-2
Removed Pin From Net: NetName=VCC Pin=C16-1
Removed Pin From Net: NetName=GND Pin=C16-2
Removed Pin From Net: NetName=VCC Pin=C17-1
Removed Pin From Net: NetName=GND Pin=C17-2
Removed Pin From Net: NetName=VCC Pin=C18-1
Removed Pin From Net: NetName=GND Pin=C18-2
Removed Pin From Net: NetName=VCC Pin=C19-1
Removed Pin From Net: NetName=GND Pin=C19-2
Removed Pin From Net: NetName=VCC Pin=ws13-1
Removed Pin From Net: NetName=GND Pin=ws13-3
Removed Pin From Net: NetName=VCC Pin=ws14-1
Removed Pin From Net: NetName=GND Pin=ws14-3
Removed Pin From Net: NetName=VCC Pin=ws15-1
Removed Pin From Net: NetName=GND Pin=ws15-3
Removed Pin From Net: NetName=VCC Pin=ws17-1
Removed Pin From Net: NetName=GND Pin=ws17-3
Removed Pin From Net: NetName=VCC Pin=ws18-1
Removed Pin From Net: NetName=GND Pin=ws18-3
Removed Pin From Net: NetName=VCC Pin=ws19-1
Removed Pin From Net: NetName=GND Pin=ws19-3
Removed Member From Class: ClassName=panel Member=16
Removed Member From Class: ClassName=panel Member=C13
Removed Member From Class: ClassName=panel Member=C14
Removed Member From Class: ClassName=panel Member=C15
Removed Member From Class: ClassName=panel Member=C16
Removed Member From Class: ClassName=panel Member=C17
Removed Member From Class: ClassName=panel Member=C18
Removed Member From Class: ClassName=panel Member=C19
Removed Member From Class: ClassName=panel Member=ws13
Removed Member From Class: ClassName=panel Member=ws14
Removed Member From Class: ClassName=panel Member=ws15
Removed Member From Class: ClassName=panel Member=ws17
Removed Member From Class: ClassName=panel Member=ws18
Removed Member From Class: ClassName=panel Member=ws19
Added Member To Class: ClassName=panel Member=Component C1 approved sub OK
Added Member To Class: ClassName=panel Member=Component ws1 Component_1
