Added Component: Designator=C105(CAPC1608X90N)
Added Component: Designator=C106(CAPC1608X90N)
Added Component: Designator=C107(CAPC1608X90N)
Added Component: Designator=C108(CAPC1608X90N)
Added Component: Designator=C109(CAPC1608X90N)
Added Component: Designator=C111(CAPC1608X90N)
Added Component: Designator=C112(CAPC1608X90N)
Added Component: Designator=C113(CAPC1608X90N)
Added Component: Designator=C114(CAPC1608X90N)
Added Component: Designator=C115(CAPC1608X90N)
Added Component: Designator=C116(CAPC1608X90N)
Added Component: Designator=C117(CAPC1608X90N)
Added Component: Designator=C118(CAPC1608X90N)
Added Component: Designator=C119(CAPC1608X90N)
Added Component: Designator=C120(CAPC1608X90N)
Added Component: Designator=C121(CAPC1608X90N)
Added Component: Designator=C122(CAPC1608X90N)
Added Component: Designator=C123(CAPC1608X90N)
Added Component: Designator=C124(CAPC1608X90N)
Added Component: Designator=C125(CAPC1608X90N)
Added Component: Designator=C126(CAPC1608X90N)
Added Component: Designator=C127(CAPC1608X90N)
Added Component: Designator=C128(CAPC1608X90N)
Added Component: Designator=C129(CAPC1608X90N)
Added Component: Designator=C130(CAPC1608X90N)
Added Component: Designator=C131(CAPC1608X90N)
Added Component: Designator=C132(CAPC1608X90N)
Added Component: Designator=C133(CAPC1608X90N)
Added Component: Designator=C134(CAPC1608X90N)
Added Component: Designator=C135(CAPC1608X90N)
Added Component: Designator=C136(CAPC1608X90N)
Added Component: Designator=C137(CAPC1608X90N)
Added Component: Designator=C138(CAPC1608X90N)
Added Component: Designator=C139(CAPC1608X90N)
Added Component: Designator=C140(CAPC1608X90N)
Added Component: Designator=C141(CAPC1608X90N)
Added Component: Designator=C142(CAPC1608X90N)
Added Component: Designator=C143(CAPC1608X90N)
Added Component: Designator=C144(CAPC1608X90N)
Added Component: Designator=C145(CAPC1608X90N)
Added Component: Designator=C146(CAPC1608X90N)
Added Component: Designator=C147(CAPC1608X90N)
Added Component: Designator=C148(CAPC1608X90N)
Added Component: Designator=C149(CAPC1608X90N)
Added Component: Designator=C150(CAPC1608X90N)
Added Component: Designator=C151(CAPC1608X90N)
Added Component: Designator=C152(CAPC1608X90N)
Added Component: Designator=C153(CAPC1608X90N)
Added Component: Designator=C154(CAPC1608X90N)
Added Component: Designator=C155(CAPC1608X90N)
Added Component: Designator=C156(CAPC1608X90N)
Added Component: Designator=C157(CAPC1608X90N)
Added Component: Designator=C158(CAPC1608X90N)
Added Component: Designator=C159(CAPC1608X90N)
Added Component: Designator=C160(CAPC1608X90N)
Added Component: Designator=C161(CAPC1608X90N)
Added Component: Designator=C162(CAPC1608X90N)
Added Component: Designator=C163(CAPC1608X90N)
Added Component: Designator=C164(CAPC1608X90N)
Added Component: Designator=C165(CAPC1608X90N)
Added Component: Designator=C166(CAPC1608X90N)
Added Component: Designator=C167(CAPC1608X90N)
Added Component: Designator=C168(CAPC1608X90N)
Added Component: Designator=C169(CAPC1608X90N)
Added Component: Designator=C170(CAPC1608X90N)
Added Component: Designator=C171(CAPC1608X90N)
Added Component: Designator=C172(CAPC1608X90N)
Added Component: Designator=C173(CAPC1608X90N)
Added Component: Designator=C174(CAPC1608X90N)
Added Component: Designator=C175(CAPC1608X90N)
Added Component: Designator=C176(CAPC1608X90N)
Added Component: Designator=C177(CAPC1608X90N)
Added Component: Designator=C178(CAPC1608X90N)
Added Component: Designator=C179(CAPC1608X90N)
Added Component: Designator=C180(CAPC1608X90N)
Added Component: Designator=C181(CAPC1608X90N)
Added Component: Designator=C182(CAPC1608X90N)
Added Component: Designator=C183(CAPC1608X90N)
Added Component: Designator=C184(CAPC1608X90N)
Added Component: Designator=C185(CAPC1608X90N)
Added Component: Designator=C186(CAPC1608X90N)
Added Component: Designator=C187(CAPC1608X90N)
Added Component: Designator=C188(CAPC1608X90N)
Added Component: Designator=C189(CAPC1608X90N)
Added Component: Designator=C190(CAPC1608X90N)
Added Component: Designator=C191(CAPC1608X90N)
Added Component: Designator=C192(CAPC1608X90N)
Added Component: Designator=C193(CAPC1608X90N)
Added Component: Designator=C194(CAPC1608X90N)
Added Component: Designator=C195(CAPC1608X90N)
Added Component: Designator=C196(CAPC1608X90N)
Added Component: Designator=C197(CAPC1608X90N)
Added Component: Designator=C198(CAPC1608X90N)
Added Component: Designator=C199(CAPC1608X90N)
Added Component: Designator=C200(CAPC1608X90N)
Added Component: Designator=C201(CAPC1608X90N)
Added Component: Designator=C202(CAPC1608X90N)
Added Component: Designator=C203(CAPC1608X90N)
Added Component: Designator=C204(CAPC1608X90N)
Added Component: Designator=C205(CAPC1608X90N)
Added Component: Designator=C206(CAPC1608X90N)
Added Component: Designator=C207(CAPC1608X90N)
Added Component: Designator=C208(CAPC1608X90N)
Added Component: Designator=C209(CAPC1608X90N)
Added Component: Designator=C210(CAPC1608X90N)
Added Component: Designator=C211(CAPC1608X90N)
Added Component: Designator=C212(CAPC1608X90N)
Added Component: Designator=C213(CAPC1608X90N)
Added Component: Designator=C214(CAPC1608X90N)
Added Component: Designator=C215(CAPC1608X90N)
Added Component: Designator=C216(CAPC1608X90N)
Added Component: Designator=C217(CAPC1608X90N)
Added Component: Designator=C218(CAPC1608X90N)
Added Component: Designator=C219(CAPC1608X90N)
Added Component: Designator=C220(CAPC1608X90N)
Added Component: Designator=C221(CAPC1608X90N)
Added Component: Designator=C222(CAPC1608X90N)
Added Component: Designator=C223(CAPC1608X90N)
Added Component: Designator=C224(CAPC1608X90N)
Added Component: Designator=C225(CAPC1608X90N)
Added Component: Designator=C226(CAPC1608X90N)
Added Component: Designator=C227(CAPC1608X90N)
Added Component: Designator=C228(CAPC1608X90N)
Added Component: Designator=ws106(SOP4)
Added Component: Designator=ws107(SOP4)
Added Component: Designator=ws108(SOP4)
Added Component: Designator=ws109(SOP4)
Added Component: Designator=ws110(SOP4)
Added Component: Designator=ws111(SOP4)
Added Component: Designator=ws112(SOP4)
Added Component: Designator=ws113(SOP4)
Added Component: Designator=ws114(SOP4)
Added Component: Designator=ws115(SOP4)
Added Component: Designator=ws116(SOP4)
Added Component: Designator=ws117(SOP4)
Added Component: Designator=ws118(SOP4)
Added Component: Designator=ws119(SOP4)
Added Component: Designator=ws120(SOP4)
Added Component: Designator=ws121(SOP4)
Added Component: Designator=ws122(SOP4)
Added Component: Designator=ws123(SOP4)
Added Component: Designator=ws124(SOP4)
Added Component: Designator=ws125(SOP4)
Added Component: Designator=ws126(SOP4)
Added Component: Designator=ws127(SOP4)
Added Component: Designator=ws128(SOP4)
Added Component: Designator=ws129(SOP4)
Added Component: Designator=ws130(SOP4)
Added Component: Designator=ws131(SOP4)
Added Component: Designator=ws132(SOP4)
Added Component: Designator=ws133(SOP4)
Added Component: Designator=ws134(SOP4)
Added Component: Designator=ws135(SOP4)
Added Component: Designator=ws136(SOP4)
Added Component: Designator=ws137(SOP4)
Added Component: Designator=ws138(SOP4)
Added Component: Designator=ws139(SOP4)
Added Component: Designator=ws140(SOP4)
Added Component: Designator=ws141(SOP4)
Added Component: Designator=ws142(SOP4)
Added Component: Designator=ws143(SOP4)
Added Component: Designator=ws144(SOP4)
Added Component: Designator=ws145(SOP4)
Added Component: Designator=ws146(SOP4)
Added Component: Designator=ws147(SOP4)
Added Component: Designator=ws148(SOP4)
Added Component: Designator=ws149(SOP4)
Added Component: Designator=ws150(SOP4)
Added Component: Designator=ws151(SOP4)
Added Component: Designator=ws152(SOP4)
Added Component: Designator=ws153(SOP4)
Added Component: Designator=ws154(SOP4)
Added Component: Designator=ws155(SOP4)
Added Component: Designator=ws156(SOP4)
Added Component: Designator=ws157(SOP4)
Added Component: Designator=ws158(SOP4)
Added Component: Designator=ws159(SOP4)
Added Component: Designator=ws160(SOP4)
Added Component: Designator=ws161(SOP4)
Added Component: Designator=ws162(SOP4)
Added Component: Designator=ws163(SOP4)
Added Component: Designator=ws164(SOP4)
Added Component: Designator=ws165(SOP4)
Added Component: Designator=ws166(SOP4)
Added Component: Designator=ws167(SOP4)
Added Component: Designator=ws168(SOP4)
Added Component: Designator=ws169(SOP4)
Added Component: Designator=ws170(SOP4)
Added Component: Designator=ws171(SOP4)
Added Component: Designator=ws172(SOP4)
Added Component: Designator=ws173(SOP4)
Added Component: Designator=ws174(SOP4)
Added Component: Designator=ws175(SOP4)
Added Component: Designator=ws176(SOP4)
Added Component: Designator=ws177(SOP4)
Added Component: Designator=ws178(SOP4)
Added Component: Designator=ws179(SOP4)
Added Component: Designator=ws180(SOP4)
Added Component: Designator=ws181(SOP4)
Added Component: Designator=ws182(SOP4)
Added Component: Designator=ws183(SOP4)
Added Component: Designator=ws184(SOP4)
Added Component: Designator=ws185(SOP4)
Added Component: Designator=ws186(SOP4)
Added Component: Designator=ws187(SOP4)
Added Component: Designator=ws188(SOP4)
Added Component: Designator=ws189(SOP4)
Added Component: Designator=ws190(SOP4)
Added Component: Designator=ws191(SOP4)
Added Component: Designator=ws192(SOP4)
Added Component: Designator=ws193(SOP4)
Added Component: Designator=ws194(SOP4)
Added Component: Designator=ws195(SOP4)
Added Component: Designator=ws196(SOP4)
Added Component: Designator=ws197(SOP4)
Added Component: Designator=ws198(SOP4)
Added Component: Designator=ws199(SOP4)
Added Component: Designator=ws200(SOP4)
Added Component: Designator=ws201(SOP4)
Added Component: Designator=ws202(SOP4)
Added Component: Designator=ws203(SOP4)
Added Component: Designator=ws204(SOP4)
Added Component: Designator=ws205(SOP4)
Added Component: Designator=ws206(SOP4)
Added Component: Designator=ws207(SOP4)
Added Component: Designator=ws208(SOP4)
Added Component: Designator=ws209(SOP4)
Added Component: Designator=ws210(SOP4)
Added Component: Designator=ws211(SOP4)
Added Component: Designator=ws212(SOP4)
Added Component: Designator=ws213(SOP4)
Added Component: Designator=ws214(SOP4)
Added Component: Designator=ws215(SOP4)
Added Component: Designator=ws216(SOP4)
Added Component: Designator=ws217(SOP4)
Added Component: Designator=ws218(SOP4)
Added Component: Designator=ws219(SOP4)
Added Component: Designator=ws220(SOP4)
Added Component: Designator=ws221(SOP4)
Added Component: Designator=ws222(SOP4)
Added Component: Designator=ws223(SOP4)
Added Component: Designator=ws224(SOP4)
Added Component: Designator=ws225(SOP4)
Added Component: Designator=ws226(SOP4)
Added Component: Designator=ws227(SOP4)
Added Component: Designator=ws228(SOP4)
Added Pin To Net: NetName=VCC Pin=C105-1
Added Pin To Net: NetName=GND Pin=C105-2
Added Pin To Net: NetName=VCC Pin=C106-1
Added Pin To Net: NetName=GND Pin=C106-2
Added Pin To Net: NetName=VCC Pin=C107-1
Added Pin To Net: NetName=GND Pin=C107-2
Added Pin To Net: NetName=VCC Pin=C108-1
Added Pin To Net: NetName=GND Pin=C108-2
Added Pin To Net: NetName=VCC Pin=C109-1
Added Pin To Net: NetName=GND Pin=C109-2
Added Pin To Net: NetName=VCC Pin=C111-1
Added Pin To Net: NetName=GND Pin=C111-2
Added Pin To Net: NetName=VCC Pin=C112-1
Added Pin To Net: NetName=GND Pin=C112-2
Added Pin To Net: NetName=VCC Pin=C113-1
Added Pin To Net: NetName=GND Pin=C113-2
Added Pin To Net: NetName=VCC Pin=C114-1
Added Pin To Net: NetName=GND Pin=C114-2
Added Pin To Net: NetName=VCC Pin=C115-1
Added Pin To Net: NetName=GND Pin=C115-2
Added Pin To Net: NetName=VCC Pin=C116-1
Added Pin To Net: NetName=GND Pin=C116-2
Added Pin To Net: NetName=VCC Pin=C117-1
Added Pin To Net: NetName=GND Pin=C117-2
Added Pin To Net: NetName=VCC Pin=C118-1
Added Pin To Net: NetName=GND Pin=C118-2
Added Pin To Net: NetName=VCC Pin=C119-1
Added Pin To Net: NetName=GND Pin=C119-2
Added Pin To Net: NetName=VCC Pin=C120-1
Added Pin To Net: NetName=GND Pin=C120-2
Added Pin To Net: NetName=VCC Pin=C121-1
Added Pin To Net: NetName=GND Pin=C121-2
Added Pin To Net: NetName=VCC Pin=C122-1
Added Pin To Net: NetName=GND Pin=C122-2
Added Pin To Net: NetName=VCC Pin=C123-1
Added Pin To Net: NetName=GND Pin=C123-2
Added Pin To Net: NetName=VCC Pin=C124-1
Added Pin To Net: NetName=GND Pin=C124-2
Added Pin To Net: NetName=VCC Pin=C125-1
Added Pin To Net: NetName=GND Pin=C125-2
Added Pin To Net: NetName=VCC Pin=C126-1
Added Pin To Net: NetName=GND Pin=C126-2
Added Pin To Net: NetName=VCC Pin=C127-1
Added Pin To Net: NetName=GND Pin=C127-2
Added Pin To Net: NetName=VCC Pin=C128-1
Added Pin To Net: NetName=GND Pin=C128-2
Added Pin To Net: NetName=VCC Pin=C129-1
Added Pin To Net: NetName=GND Pin=C129-2
Added Pin To Net: NetName=VCC Pin=C130-1
Added Pin To Net: NetName=GND Pin=C130-2
Added Pin To Net: NetName=VCC Pin=C131-1
Added Pin To Net: NetName=GND Pin=C131-2
Added Pin To Net: NetName=VCC Pin=C132-1
Added Pin To Net: NetName=GND Pin=C132-2
Added Pin To Net: NetName=VCC Pin=C133-1
Added Pin To Net: NetName=GND Pin=C133-2
Added Pin To Net: NetName=VCC Pin=C134-1
Added Pin To Net: NetName=GND Pin=C134-2
Added Pin To Net: NetName=VCC Pin=C135-1
Added Pin To Net: NetName=GND Pin=C135-2
Added Pin To Net: NetName=VCC Pin=C136-1
Added Pin To Net: NetName=GND Pin=C136-2
Added Pin To Net: NetName=VCC Pin=C137-1
Added Pin To Net: NetName=GND Pin=C137-2
Added Pin To Net: NetName=VCC Pin=C138-1
Added Pin To Net: NetName=GND Pin=C138-2
Added Pin To Net: NetName=VCC Pin=C139-1
Added Pin To Net: NetName=GND Pin=C139-2
Added Pin To Net: NetName=VCC Pin=C140-1
Added Pin To Net: NetName=GND Pin=C140-2
Added Pin To Net: NetName=VCC Pin=C141-1
Added Pin To Net: NetName=GND Pin=C141-2
Added Pin To Net: NetName=VCC Pin=C142-1
Added Pin To Net: NetName=GND Pin=C142-2
Added Pin To Net: NetName=VCC Pin=C143-1
Added Pin To Net: NetName=GND Pin=C143-2
Added Pin To Net: NetName=VCC Pin=C144-1
Added Pin To Net: NetName=GND Pin=C144-2
Added Pin To Net: NetName=VCC Pin=C145-1
Added Pin To Net: NetName=GND Pin=C145-2
Added Pin To Net: NetName=VCC Pin=C146-1
Added Pin To Net: NetName=GND Pin=C146-2
Added Pin To Net: NetName=VCC Pin=C147-1
Added Pin To Net: NetName=GND Pin=C147-2
Added Pin To Net: NetName=VCC Pin=C148-1
Added Pin To Net: NetName=GND Pin=C148-2
Added Pin To Net: NetName=VCC Pin=C149-1
Added Pin To Net: NetName=GND Pin=C149-2
Added Pin To Net: NetName=VCC Pin=C150-1
Added Pin To Net: NetName=GND Pin=C150-2
Added Pin To Net: NetName=VCC Pin=C151-1
Added Pin To Net: NetName=GND Pin=C151-2
Added Pin To Net: NetName=VCC Pin=C152-1
Added Pin To Net: NetName=GND Pin=C152-2
Added Pin To Net: NetName=VCC Pin=C153-1
Added Pin To Net: NetName=GND Pin=C153-2
Added Pin To Net: NetName=VCC Pin=C154-1
Added Pin To Net: NetName=GND Pin=C154-2
Added Pin To Net: NetName=VCC Pin=C155-1
Added Pin To Net: NetName=GND Pin=C155-2
Added Pin To Net: NetName=VCC Pin=C156-1
Added Pin To Net: NetName=GND Pin=C156-2
Added Pin To Net: NetName=VCC Pin=C157-1
Added Pin To Net: NetName=GND Pin=C157-2
Added Pin To Net: NetName=VCC Pin=C158-1
Added Pin To Net: NetName=GND Pin=C158-2
Added Pin To Net: NetName=VCC Pin=C159-1
Added Pin To Net: NetName=GND Pin=C159-2
Added Pin To Net: NetName=VCC Pin=C160-1
Added Pin To Net: NetName=GND Pin=C160-2
Added Pin To Net: NetName=VCC Pin=C161-1
Added Pin To Net: NetName=GND Pin=C161-2
Added Pin To Net: NetName=VCC Pin=C162-1
Added Pin To Net: NetName=GND Pin=C162-2
Added Pin To Net: NetName=VCC Pin=C163-1
Added Pin To Net: NetName=GND Pin=C163-2
Added Pin To Net: NetName=VCC Pin=C164-1
Added Pin To Net: NetName=GND Pin=C164-2
Added Pin To Net: NetName=VCC Pin=C165-1
Added Pin To Net: NetName=GND Pin=C165-2
Added Pin To Net: NetName=VCC Pin=C166-1
Added Pin To Net: NetName=GND Pin=C166-2
Added Pin To Net: NetName=VCC Pin=C167-1
Added Pin To Net: NetName=GND Pin=C167-2
Added Pin To Net: NetName=VCC Pin=C168-1
Added Pin To Net: NetName=GND Pin=C168-2
Added Pin To Net: NetName=VCC Pin=C169-1
Added Pin To Net: NetName=GND Pin=C169-2
Added Pin To Net: NetName=VCC Pin=C170-1
Added Pin To Net: NetName=GND Pin=C170-2
Added Pin To Net: NetName=VCC Pin=C171-1
Added Pin To Net: NetName=GND Pin=C171-2
Added Pin To Net: NetName=VCC Pin=C172-1
Added Pin To Net: NetName=GND Pin=C172-2
Added Pin To Net: NetName=VCC Pin=C173-1
Added Pin To Net: NetName=GND Pin=C173-2
Added Pin To Net: NetName=VCC Pin=C174-1
Added Pin To Net: NetName=GND Pin=C174-2
Added Pin To Net: NetName=VCC Pin=C175-1
Added Pin To Net: NetName=GND Pin=C175-2
Added Pin To Net: NetName=VCC Pin=C176-1
Added Pin To Net: NetName=GND Pin=C176-2
Added Pin To Net: NetName=VCC Pin=C177-1
Added Pin To Net: NetName=GND Pin=C177-2
Added Pin To Net: NetName=VCC Pin=C178-1
Added Pin To Net: NetName=GND Pin=C178-2
Added Pin To Net: NetName=VCC Pin=C179-1
Added Pin To Net: NetName=GND Pin=C179-2
Added Pin To Net: NetName=VCC Pin=C180-1
Added Pin To Net: NetName=GND Pin=C180-2
Added Pin To Net: NetName=VCC Pin=C181-1
Added Pin To Net: NetName=GND Pin=C181-2
Added Pin To Net: NetName=VCC Pin=C182-1
Added Pin To Net: NetName=GND Pin=C182-2
Added Pin To Net: NetName=VCC Pin=C183-1
Added Pin To Net: NetName=GND Pin=C183-2
Added Pin To Net: NetName=VCC Pin=C184-1
Added Pin To Net: NetName=GND Pin=C184-2
Added Pin To Net: NetName=VCC Pin=C185-1
Added Pin To Net: NetName=GND Pin=C185-2
Added Pin To Net: NetName=VCC Pin=C186-1
Added Pin To Net: NetName=GND Pin=C186-2
Added Pin To Net: NetName=VCC Pin=C187-1
Added Pin To Net: NetName=GND Pin=C187-2
Added Pin To Net: NetName=VCC Pin=C188-1
Added Pin To Net: NetName=GND Pin=C188-2
Added Pin To Net: NetName=VCC Pin=C189-1
Added Pin To Net: NetName=GND Pin=C189-2
Added Pin To Net: NetName=VCC Pin=C190-1
Added Pin To Net: NetName=GND Pin=C190-2
Added Pin To Net: NetName=VCC Pin=C191-1
Added Pin To Net: NetName=GND Pin=C191-2
Added Pin To Net: NetName=VCC Pin=C192-1
Added Pin To Net: NetName=GND Pin=C192-2
Added Pin To Net: NetName=VCC Pin=C193-1
Added Pin To Net: NetName=GND Pin=C193-2
Added Pin To Net: NetName=VCC Pin=C194-1
Added Pin To Net: NetName=GND Pin=C194-2
Added Pin To Net: NetName=VCC Pin=C195-1
Added Pin To Net: NetName=GND Pin=C195-2
Added Pin To Net: NetName=VCC Pin=C196-1
Added Pin To Net: NetName=GND Pin=C196-2
Added Pin To Net: NetName=VCC Pin=C197-1
Added Pin To Net: NetName=GND Pin=C197-2
Added Pin To Net: NetName=VCC Pin=C198-1
Added Pin To Net: NetName=GND Pin=C198-2
Added Pin To Net: NetName=VCC Pin=C199-1
Added Pin To Net: NetName=GND Pin=C199-2
Added Pin To Net: NetName=VCC Pin=C200-1
Added Pin To Net: NetName=GND Pin=C200-2
Added Pin To Net: NetName=VCC Pin=C201-1
Added Pin To Net: NetName=GND Pin=C201-2
Added Pin To Net: NetName=VCC Pin=C202-1
Added Pin To Net: NetName=GND Pin=C202-2
Added Pin To Net: NetName=VCC Pin=C203-1
Added Pin To Net: NetName=GND Pin=C203-2
Added Pin To Net: NetName=VCC Pin=C204-1
Added Pin To Net: NetName=GND Pin=C204-2
Added Pin To Net: NetName=VCC Pin=C205-1
Added Pin To Net: NetName=GND Pin=C205-2
Added Pin To Net: NetName=VCC Pin=C206-1
Added Pin To Net: NetName=GND Pin=C206-2
Added Pin To Net: NetName=VCC Pin=C207-1
Added Pin To Net: NetName=GND Pin=C207-2
Added Pin To Net: NetName=VCC Pin=C208-1
Added Pin To Net: NetName=GND Pin=C208-2
Added Pin To Net: NetName=VCC Pin=C209-1
Added Pin To Net: NetName=GND Pin=C209-2
Added Pin To Net: NetName=VCC Pin=C210-1
Added Pin To Net: NetName=GND Pin=C210-2
Added Pin To Net: NetName=VCC Pin=C211-1
Added Pin To Net: NetName=GND Pin=C211-2
Added Pin To Net: NetName=VCC Pin=C212-1
Added Pin To Net: NetName=GND Pin=C212-2
Added Pin To Net: NetName=VCC Pin=C213-1
Added Pin To Net: NetName=GND Pin=C213-2
Added Pin To Net: NetName=VCC Pin=C214-1
Added Pin To Net: NetName=GND Pin=C214-2
Added Pin To Net: NetName=VCC Pin=C215-1
Added Pin To Net: NetName=GND Pin=C215-2
Added Pin To Net: NetName=VCC Pin=C216-1
Added Pin To Net: NetName=GND Pin=C216-2
Added Pin To Net: NetName=VCC Pin=C217-1
Added Pin To Net: NetName=GND Pin=C217-2
Added Pin To Net: NetName=VCC Pin=C218-1
Added Pin To Net: NetName=GND Pin=C218-2
Added Pin To Net: NetName=VCC Pin=C219-1
Added Pin To Net: NetName=GND Pin=C219-2
Added Pin To Net: NetName=VCC Pin=C220-1
Added Pin To Net: NetName=GND Pin=C220-2
Added Pin To Net: NetName=VCC Pin=C221-1
Added Pin To Net: NetName=GND Pin=C221-2
Added Pin To Net: NetName=VCC Pin=C222-1
Added Pin To Net: NetName=GND Pin=C222-2
Added Pin To Net: NetName=VCC Pin=C223-1
Added Pin To Net: NetName=GND Pin=C223-2
Added Pin To Net: NetName=VCC Pin=C224-1
Added Pin To Net: NetName=GND Pin=C224-2
Added Pin To Net: NetName=VCC Pin=C225-1
Added Pin To Net: NetName=GND Pin=C225-2
Added Pin To Net: NetName=VCC Pin=C226-1
Added Pin To Net: NetName=GND Pin=C226-2
Added Pin To Net: NetName=VCC Pin=C227-1
Added Pin To Net: NetName=GND Pin=C227-2
Added Pin To Net: NetName=VCC Pin=C228-1
Added Pin To Net: NetName=GND Pin=C228-2
Added Pin To Net: NetName=VCC Pin=ws106-1
Added Pin To Net: NetName=GND Pin=ws106-3
Added Pin To Net: NetName=VCC Pin=ws107-1
Added Pin To Net: NetName=GND Pin=ws107-3
Added Pin To Net: NetName=VCC Pin=ws108-1
Added Pin To Net: NetName=GND Pin=ws108-3
Added Pin To Net: NetName=VCC Pin=ws109-1
Added Pin To Net: NetName=GND Pin=ws109-3
Added Pin To Net: NetName=VCC Pin=ws110-1
Added Pin To Net: NetName=GND Pin=ws110-3
Added Pin To Net: NetName=VCC Pin=ws111-1
Added Pin To Net: NetName=GND Pin=ws111-3
Added Pin To Net: NetName=VCC Pin=ws112-1
Added Pin To Net: NetName=GND Pin=ws112-3
Added Pin To Net: NetName=VCC Pin=ws113-1
Added Pin To Net: NetName=GND Pin=ws113-3
Added Pin To Net: NetName=VCC Pin=ws114-1
Added Pin To Net: NetName=GND Pin=ws114-3
Added Pin To Net: NetName=VCC Pin=ws115-1
Added Pin To Net: NetName=GND Pin=ws115-3
Added Pin To Net: NetName=VCC Pin=ws116-1
Added Pin To Net: NetName=GND Pin=ws116-3
Added Pin To Net: NetName=VCC Pin=ws117-1
Added Pin To Net: NetName=GND Pin=ws117-3
Added Pin To Net: NetName=VCC Pin=ws118-1
Added Pin To Net: NetName=GND Pin=ws118-3
Added Pin To Net: NetName=VCC Pin=ws119-1
Added Pin To Net: NetName=GND Pin=ws119-3
Added Pin To Net: NetName=VCC Pin=ws120-1
Added Pin To Net: NetName=GND Pin=ws120-3
Added Pin To Net: NetName=VCC Pin=ws121-1
Added Pin To Net: NetName=GND Pin=ws121-3
Added Pin To Net: NetName=VCC Pin=ws122-1
Added Pin To Net: NetName=GND Pin=ws122-3
Added Pin To Net: NetName=VCC Pin=ws123-1
Added Pin To Net: NetName=GND Pin=ws123-3
Added Pin To Net: NetName=VCC Pin=ws124-1
Added Pin To Net: NetName=GND Pin=ws124-3
Added Pin To Net: NetName=VCC Pin=ws125-1
Added Pin To Net: NetName=GND Pin=ws125-3
Added Pin To Net: NetName=VCC Pin=ws126-1
Added Pin To Net: NetName=GND Pin=ws126-3
Added Pin To Net: NetName=VCC Pin=ws127-1
Added Pin To Net: NetName=GND Pin=ws127-3
Added Pin To Net: NetName=VCC Pin=ws128-1
Added Pin To Net: NetName=GND Pin=ws128-3
Added Pin To Net: NetName=VCC Pin=ws129-1
Added Pin To Net: NetName=GND Pin=ws129-3
Added Pin To Net: NetName=VCC Pin=ws130-1
Added Pin To Net: NetName=GND Pin=ws130-3
Added Pin To Net: NetName=VCC Pin=ws131-1
Added Pin To Net: NetName=GND Pin=ws131-3
Added Pin To Net: NetName=VCC Pin=ws132-1
Added Pin To Net: NetName=GND Pin=ws132-3
Added Pin To Net: NetName=VCC Pin=ws133-1
Added Pin To Net: NetName=GND Pin=ws133-3
Added Pin To Net: NetName=VCC Pin=ws134-1
Added Pin To Net: NetName=VCC Pin=ws135-1
Added Pin To Net: NetName=VCC Pin=ws136-1
Added Pin To Net: NetName=VCC Pin=ws137-1
Added Pin To Net: NetName=VCC Pin=ws138-1
Added Pin To Net: NetName=VCC Pin=ws139-1
Added Pin To Net: NetName=VCC Pin=ws140-1
Added Pin To Net: NetName=VCC Pin=ws141-1
Added Pin To Net: NetName=GND Pin=ws141-3
Added Pin To Net: NetName=VCC Pin=ws142-1
Added Pin To Net: NetName=GND Pin=ws142-3
Added Pin To Net: NetName=VCC Pin=ws143-1
Added Pin To Net: NetName=GND Pin=ws143-3
Added Pin To Net: NetName=VCC Pin=ws144-1
Added Pin To Net: NetName=GND Pin=ws144-3
Added Pin To Net: NetName=VCC Pin=ws145-1
Added Pin To Net: NetName=GND Pin=ws145-3
Added Pin To Net: NetName=VCC Pin=ws146-1
Added Pin To Net: NetName=GND Pin=ws146-3
Added Pin To Net: NetName=VCC Pin=ws147-1
Added Pin To Net: NetName=GND Pin=ws147-3
Added Pin To Net: NetName=VCC Pin=ws148-1
Added Pin To Net: NetName=GND Pin=ws148-3
Added Pin To Net: NetName=VCC Pin=ws149-1
Added Pin To Net: NetName=GND Pin=ws149-3
Added Pin To Net: NetName=VCC Pin=ws150-1
Added Pin To Net: NetName=GND Pin=ws150-3
Added Pin To Net: NetName=VCC Pin=ws151-1
Added Pin To Net: NetName=GND Pin=ws151-3
Added Pin To Net: NetName=VCC Pin=ws152-1
Added Pin To Net: NetName=GND Pin=ws152-3
Added Pin To Net: NetName=VCC Pin=ws153-1
Added Pin To Net: NetName=GND Pin=ws153-3
Added Pin To Net: NetName=VCC Pin=ws154-1
Added Pin To Net: NetName=GND Pin=ws154-3
Added Pin To Net: NetName=VCC Pin=ws155-1
Added Pin To Net: NetName=GND Pin=ws155-3
Added Pin To Net: NetName=VCC Pin=ws156-1
Added Pin To Net: NetName=GND Pin=ws156-3
Added Pin To Net: NetName=VCC Pin=ws157-1
Added Pin To Net: NetName=GND Pin=ws157-3
Added Pin To Net: NetName=VCC Pin=ws158-1
Added Pin To Net: NetName=GND Pin=ws158-3
Added Pin To Net: NetName=VCC Pin=ws159-1
Added Pin To Net: NetName=GND Pin=ws159-3
Added Pin To Net: NetName=VCC Pin=ws160-1
Added Pin To Net: NetName=GND Pin=ws160-3
Added Pin To Net: NetName=VCC Pin=ws161-1
Added Pin To Net: NetName=GND Pin=ws161-3
Added Pin To Net: NetName=VCC Pin=ws162-1
Added Pin To Net: NetName=GND Pin=ws162-3
Added Pin To Net: NetName=VCC Pin=ws163-1
Added Pin To Net: NetName=GND Pin=ws163-3
Added Pin To Net: NetName=VCC Pin=ws164-1
Added Pin To Net: NetName=GND Pin=ws164-3
Added Pin To Net: NetName=VCC Pin=ws165-1
Added Pin To Net: NetName=GND Pin=ws165-3
Added Pin To Net: NetName=VCC Pin=ws166-1
Added Pin To Net: NetName=GND Pin=ws166-3
Added Pin To Net: NetName=VCC Pin=ws167-1
Added Pin To Net: NetName=GND Pin=ws167-3
Added Pin To Net: NetName=VCC Pin=ws168-1
Added Pin To Net: NetName=GND Pin=ws168-3
Added Pin To Net: NetName=VCC Pin=ws169-1
Added Pin To Net: NetName=VCC Pin=ws170-1
Added Pin To Net: NetName=VCC Pin=ws171-1
Added Pin To Net: NetName=VCC Pin=ws172-1
Added Pin To Net: NetName=VCC Pin=ws173-1
Added Pin To Net: NetName=VCC Pin=ws174-1
Added Pin To Net: NetName=VCC Pin=ws175-1
Added Pin To Net: NetName=VCC Pin=ws176-1
Added Pin To Net: NetName=GND Pin=ws176-3
Added Pin To Net: NetName=VCC Pin=ws177-1
Added Pin To Net: NetName=GND Pin=ws177-3
Added Pin To Net: NetName=VCC Pin=ws178-1
Added Pin To Net: NetName=GND Pin=ws178-3
Added Pin To Net: NetName=VCC Pin=ws179-1
Added Pin To Net: NetName=GND Pin=ws179-3
Added Pin To Net: NetName=VCC Pin=ws180-1
Added Pin To Net: NetName=GND Pin=ws180-3
Added Pin To Net: NetName=VCC Pin=ws181-1
Added Pin To Net: NetName=GND Pin=ws181-3
Added Pin To Net: NetName=VCC Pin=ws182-1
Added Pin To Net: NetName=GND Pin=ws182-3
Added Pin To Net: NetName=VCC Pin=ws183-1
Added Pin To Net: NetName=GND Pin=ws183-3
Added Pin To Net: NetName=VCC Pin=ws184-1
Added Pin To Net: NetName=GND Pin=ws184-3
Added Pin To Net: NetName=VCC Pin=ws185-1
Added Pin To Net: NetName=GND Pin=ws185-3
Added Pin To Net: NetName=VCC Pin=ws186-1
Added Pin To Net: NetName=GND Pin=ws186-3
Added Pin To Net: NetName=VCC Pin=ws187-1
Added Pin To Net: NetName=GND Pin=ws187-3
Added Pin To Net: NetName=VCC Pin=ws188-1
Added Pin To Net: NetName=GND Pin=ws188-3
Added Pin To Net: NetName=VCC Pin=ws189-1
Added Pin To Net: NetName=GND Pin=ws189-3
Added Pin To Net: NetName=VCC Pin=ws190-1
Added Pin To Net: NetName=GND Pin=ws190-3
Added Pin To Net: NetName=VCC Pin=ws191-1
Added Pin To Net: NetName=GND Pin=ws191-3
Added Pin To Net: NetName=VCC Pin=ws192-1
Added Pin To Net: NetName=GND Pin=ws192-3
Added Pin To Net: NetName=VCC Pin=ws193-1
Added Pin To Net: NetName=GND Pin=ws193-3
Added Pin To Net: NetName=VCC Pin=ws194-1
Added Pin To Net: NetName=GND Pin=ws194-3
Added Pin To Net: NetName=VCC Pin=ws195-1
Added Pin To Net: NetName=GND Pin=ws195-3
Added Pin To Net: NetName=VCC Pin=ws196-1
Added Pin To Net: NetName=GND Pin=ws196-3
Added Pin To Net: NetName=VCC Pin=ws197-1
Added Pin To Net: NetName=GND Pin=ws197-3
Added Pin To Net: NetName=VCC Pin=ws198-1
Added Pin To Net: NetName=GND Pin=ws198-3
Added Pin To Net: NetName=VCC Pin=ws199-1
Added Pin To Net: NetName=GND Pin=ws199-3
Added Pin To Net: NetName=VCC Pin=ws200-1
Added Pin To Net: NetName=GND Pin=ws200-3
Added Pin To Net: NetName=VCC Pin=ws201-1
Added Pin To Net: NetName=GND Pin=ws201-3
Added Pin To Net: NetName=VCC Pin=ws202-1
Added Pin To Net: NetName=GND Pin=ws202-3
Added Pin To Net: NetName=VCC Pin=ws203-1
Added Pin To Net: NetName=GND Pin=ws203-3
Added Pin To Net: NetName=VCC Pin=ws204-1
Added Pin To Net: NetName=VCC Pin=ws205-1
Added Pin To Net: NetName=VCC Pin=ws206-1
Added Pin To Net: NetName=VCC Pin=ws207-1
Added Pin To Net: NetName=VCC Pin=ws208-1
Added Pin To Net: NetName=VCC Pin=ws209-1
Added Pin To Net: NetName=VCC Pin=ws210-1
Added Pin To Net: NetName=VCC Pin=ws211-1
Added Pin To Net: NetName=GND Pin=ws211-3
Added Pin To Net: NetName=VCC Pin=ws212-1
Added Pin To Net: NetName=GND Pin=ws212-3
Added Pin To Net: NetName=VCC Pin=ws213-1
Added Pin To Net: NetName=GND Pin=ws213-3
Added Pin To Net: NetName=VCC Pin=ws214-1
Added Pin To Net: NetName=GND Pin=ws214-3
Added Pin To Net: NetName=VCC Pin=ws215-1
Added Pin To Net: NetName=GND Pin=ws215-3
Added Pin To Net: NetName=VCC Pin=ws216-1
Added Pin To Net: NetName=GND Pin=ws216-3
Added Pin To Net: NetName=VCC Pin=ws217-1
Added Pin To Net: NetName=GND Pin=ws217-3
Added Pin To Net: NetName=VCC Pin=ws218-1
Added Pin To Net: NetName=GND Pin=ws218-3
Added Pin To Net: NetName=VCC Pin=ws219-1
Added Pin To Net: NetName=GND Pin=ws219-3
Added Pin To Net: NetName=VCC Pin=ws220-1
Added Pin To Net: NetName=GND Pin=ws220-3
Added Pin To Net: NetName=VCC Pin=ws221-1
Added Pin To Net: NetName=GND Pin=ws221-3
Added Pin To Net: NetName=VCC Pin=ws222-1
Added Pin To Net: NetName=GND Pin=ws222-3
Added Pin To Net: NetName=VCC Pin=ws223-1
Added Pin To Net: NetName=GND Pin=ws223-3
Added Pin To Net: NetName=VCC Pin=ws224-1
Added Pin To Net: NetName=GND Pin=ws224-3
Added Pin To Net: NetName=VCC Pin=ws225-1
Added Pin To Net: NetName=GND Pin=ws225-3
Added Pin To Net: NetName=VCC Pin=ws226-1
Added Pin To Net: NetName=GND Pin=ws226-3
Added Pin To Net: NetName=VCC Pin=ws227-1
Added Pin To Net: NetName=GND Pin=ws227-3
Added Pin To Net: NetName=VCC Pin=ws228-1
Added Pin To Net: NetName=GND Pin=ws228-3
Added Pin To Net: NetName=Netws106_2 Pin=ws106-2
Added Pin To Net: NetName=Netws106_2 Pin=ws107-4
Added Net: Name=Netws106_2
Added Pin To Net: NetName=Netws107_2 Pin=ws107-2
Added Pin To Net: NetName=Netws107_2 Pin=ws108-4
Added Net: Name=Netws107_2
Added Pin To Net: NetName=Netws108_2 Pin=ws108-2
Added Pin To Net: NetName=Netws108_2 Pin=ws109-4
Added Net: Name=Netws108_2
Added Pin To Net: NetName=Netws109_2 Pin=ws109-2
Added Pin To Net: NetName=Netws109_2 Pin=ws110-4
Added Net: Name=Netws109_2
Added Pin To Net: NetName=Netws110_2 Pin=ws110-2
Added Pin To Net: NetName=Netws110_2 Pin=ws111-4
Added Net: Name=Netws110_2
Added Pin To Net: NetName=Netws111_2 Pin=ws111-2
Added Pin To Net: NetName=Netws111_2 Pin=ws112-4
Added Net: Name=Netws111_2
Added Pin To Net: NetName=Netws112_2 Pin=ws112-2
Added Pin To Net: NetName=Netws112_2 Pin=ws113-4
Added Net: Name=Netws112_2
Added Pin To Net: NetName=Netws113_2 Pin=ws113-2
Added Pin To Net: NetName=Netws113_2 Pin=ws114-4
Added Net: Name=Netws113_2
Added Pin To Net: NetName=Netws114_2 Pin=ws114-2
Added Pin To Net: NetName=Netws114_2 Pin=ws115-4
Added Net: Name=Netws114_2
Added Pin To Net: NetName=Netws115_2 Pin=ws115-2
Added Pin To Net: NetName=Netws115_2 Pin=ws116-4
Added Net: Name=Netws115_2
Added Pin To Net: NetName=Netws116_2 Pin=ws116-2
Added Pin To Net: NetName=Netws116_2 Pin=ws117-4
Added Net: Name=Netws116_2
Added Pin To Net: NetName=Netws117_2 Pin=ws117-2
Added Pin To Net: NetName=Netws117_2 Pin=ws118-4
Added Net: Name=Netws117_2
Added Pin To Net: NetName=Netws118_2 Pin=ws118-2
Added Pin To Net: NetName=Netws118_2 Pin=ws119-4
Added Net: Name=Netws118_2
Added Pin To Net: NetName=Netws119_2 Pin=ws119-2
Added Pin To Net: NetName=Netws119_2 Pin=ws120-4
Added Net: Name=Netws119_2
Added Pin To Net: NetName=Netws120_2 Pin=ws120-2
Added Pin To Net: NetName=Netws120_2 Pin=ws121-4
Added Net: Name=Netws120_2
Added Pin To Net: NetName=Netws121_2 Pin=ws121-2
Added Pin To Net: NetName=Netws121_2 Pin=ws122-4
Added Net: Name=Netws121_2
Added Pin To Net: NetName=Netws122_2 Pin=ws122-2
Added Pin To Net: NetName=Netws122_2 Pin=ws123-4
Added Net: Name=Netws122_2
Added Pin To Net: NetName=Netws123_2 Pin=ws123-2
Added Pin To Net: NetName=Netws123_2 Pin=ws124-4
Added Net: Name=Netws123_2
Added Pin To Net: NetName=Netws124_2 Pin=ws124-2
Added Pin To Net: NetName=Netws124_2 Pin=ws125-4
Added Net: Name=Netws124_2
Added Pin To Net: NetName=Netws125_2 Pin=ws125-2
Added Pin To Net: NetName=Netws125_2 Pin=ws126-4
Added Net: Name=Netws125_2
Added Pin To Net: NetName=Netws126_2 Pin=ws126-2
Added Pin To Net: NetName=Netws126_2 Pin=ws127-4
Added Net: Name=Netws126_2
Added Pin To Net: NetName=Netws127_2 Pin=ws127-2
Added Pin To Net: NetName=Netws127_2 Pin=ws128-4
Added Net: Name=Netws127_2
Added Pin To Net: NetName=Netws128_2 Pin=ws128-2
Added Pin To Net: NetName=Netws128_2 Pin=ws129-4
Added Net: Name=Netws128_2
Added Pin To Net: NetName=Netws129_2 Pin=ws129-2
Added Pin To Net: NetName=Netws129_2 Pin=ws130-4
Added Net: Name=Netws129_2
Added Pin To Net: NetName=Netws130_2 Pin=ws130-2
Added Pin To Net: NetName=Netws130_2 Pin=ws131-4
Added Net: Name=Netws130_2
Added Pin To Net: NetName=Netws131_2 Pin=ws131-2
Added Pin To Net: NetName=Netws131_2 Pin=ws132-4
Added Net: Name=Netws131_2
Added Pin To Net: NetName=Netws132_2 Pin=ws132-2
Added Pin To Net: NetName=Netws132_2 Pin=ws133-4
Added Net: Name=Netws132_2
Added Pin To Net: NetName=Netws133_2 Pin=ws133-2
Added Pin To Net: NetName=Netws133_2 Pin=ws134-4
Added Net: Name=Netws133_2
Added Pin To Net: NetName=Netws134_2 Pin=ws134-2
Added Pin To Net: NetName=Netws134_2 Pin=ws135-4
Added Net: Name=Netws134_2
Added Pin To Net: NetName=Netws135_2 Pin=ws135-2
Added Pin To Net: NetName=Netws135_2 Pin=ws136-4
Added Net: Name=Netws135_2
Added Pin To Net: NetName=Netws136_2 Pin=ws136-2
Added Pin To Net: NetName=Netws136_2 Pin=ws137-4
Added Net: Name=Netws136_2
Added Pin To Net: NetName=Netws137_2 Pin=ws137-2
Added Pin To Net: NetName=Netws137_2 Pin=ws138-4
Added Net: Name=Netws137_2
Added Pin To Net: NetName=Netws138_2 Pin=ws138-2
Added Pin To Net: NetName=Netws138_2 Pin=ws139-4
Added Net: Name=Netws138_2
Added Pin To Net: NetName=Netws139_2 Pin=ws139-2
Added Pin To Net: NetName=Netws139_2 Pin=ws140-4
Added Net: Name=Netws139_2
Added Pin To Net: NetName=Netws141_2 Pin=ws141-2
Added Pin To Net: NetName=Netws141_2 Pin=ws142-4
Added Net: Name=Netws141_2
Added Pin To Net: NetName=Netws142_2 Pin=ws142-2
Added Pin To Net: NetName=Netws142_2 Pin=ws143-4
Added Net: Name=Netws142_2
Added Pin To Net: NetName=Netws143_2 Pin=ws143-2
Added Pin To Net: NetName=Netws143_2 Pin=ws144-4
Added Net: Name=Netws143_2
Added Pin To Net: NetName=Netws144_2 Pin=ws144-2
Added Pin To Net: NetName=Netws144_2 Pin=ws145-4
Added Net: Name=Netws144_2
Added Pin To Net: NetName=Netws145_2 Pin=ws145-2
Added Pin To Net: NetName=Netws145_2 Pin=ws146-4
Added Net: Name=Netws145_2
Added Pin To Net: NetName=Netws146_2 Pin=ws146-2
Added Pin To Net: NetName=Netws146_2 Pin=ws147-4
Added Net: Name=Netws146_2
Added Pin To Net: NetName=Netws147_2 Pin=ws147-2
Added Pin To Net: NetName=Netws147_2 Pin=ws148-4
Added Net: Name=Netws147_2
Added Pin To Net: NetName=Netws148_2 Pin=ws148-2
Added Pin To Net: NetName=Netws148_2 Pin=ws149-4
Added Net: Name=Netws148_2
Added Pin To Net: NetName=Netws149_2 Pin=ws149-2
Added Pin To Net: NetName=Netws149_2 Pin=ws150-4
Added Net: Name=Netws149_2
Added Pin To Net: NetName=Netws150_2 Pin=ws150-2
Added Pin To Net: NetName=Netws150_2 Pin=ws151-4
Added Net: Name=Netws150_2
Added Pin To Net: NetName=Netws151_2 Pin=ws151-2
Added Pin To Net: NetName=Netws151_2 Pin=ws152-4
Added Net: Name=Netws151_2
Added Pin To Net: NetName=Netws152_2 Pin=ws152-2
Added Pin To Net: NetName=Netws152_2 Pin=ws153-4
Added Net: Name=Netws152_2
Added Pin To Net: NetName=Netws153_2 Pin=ws153-2
Added Pin To Net: NetName=Netws153_2 Pin=ws154-4
Added Net: Name=Netws153_2
Added Pin To Net: NetName=Netws154_2 Pin=ws154-2
Added Pin To Net: NetName=Netws154_2 Pin=ws155-4
Added Net: Name=Netws154_2
Added Pin To Net: NetName=Netws155_2 Pin=ws155-2
Added Pin To Net: NetName=Netws155_2 Pin=ws156-4
Added Net: Name=Netws155_2
Added Pin To Net: NetName=Netws156_2 Pin=ws156-2
Added Pin To Net: NetName=Netws156_2 Pin=ws157-4
Added Net: Name=Netws156_2
Added Pin To Net: NetName=Netws157_2 Pin=ws157-2
Added Pin To Net: NetName=Netws157_2 Pin=ws158-4
Added Net: Name=Netws157_2
Added Pin To Net: NetName=Netws158_2 Pin=ws158-2
Added Pin To Net: NetName=Netws158_2 Pin=ws159-4
Added Net: Name=Netws158_2
Added Pin To Net: NetName=Netws159_2 Pin=ws159-2
Added Pin To Net: NetName=Netws159_2 Pin=ws160-4
Added Net: Name=Netws159_2
Added Pin To Net: NetName=Netws160_2 Pin=ws160-2
Added Pin To Net: NetName=Netws160_2 Pin=ws161-4
Added Net: Name=Netws160_2
Added Pin To Net: NetName=Netws161_2 Pin=ws161-2
Added Pin To Net: NetName=Netws161_2 Pin=ws162-4
Added Net: Name=Netws161_2
Added Pin To Net: NetName=Netws162_2 Pin=ws162-2
Added Pin To Net: NetName=Netws162_2 Pin=ws163-4
Added Net: Name=Netws162_2
Added Pin To Net: NetName=Netws163_2 Pin=ws163-2
Added Pin To Net: NetName=Netws163_2 Pin=ws164-4
Added Net: Name=Netws163_2
Added Pin To Net: NetName=Netws164_2 Pin=ws164-2
Added Pin To Net: NetName=Netws164_2 Pin=ws165-4
Added Net: Name=Netws164_2
Added Pin To Net: NetName=Netws165_2 Pin=ws165-2
Added Pin To Net: NetName=Netws165_2 Pin=ws166-4
Added Net: Name=Netws165_2
Added Pin To Net: NetName=Netws166_2 Pin=ws166-2
Added Pin To Net: NetName=Netws166_2 Pin=ws167-4
Added Net: Name=Netws166_2
Added Pin To Net: NetName=Netws167_2 Pin=ws167-2
Added Pin To Net: NetName=Netws167_2 Pin=ws168-4
Added Net: Name=Netws167_2
Added Pin To Net: NetName=Netws168_2 Pin=ws168-2
Added Pin To Net: NetName=Netws168_2 Pin=ws169-4
Added Net: Name=Netws168_2
Added Pin To Net: NetName=Netws169_2 Pin=ws169-2
Added Pin To Net: NetName=Netws169_2 Pin=ws170-4
Added Net: Name=Netws169_2
Added Pin To Net: NetName=Netws170_2 Pin=ws170-2
Added Pin To Net: NetName=Netws170_2 Pin=ws171-4
Added Net: Name=Netws170_2
Added Pin To Net: NetName=Netws171_2 Pin=ws171-2
Added Pin To Net: NetName=Netws171_2 Pin=ws172-4
Added Net: Name=Netws171_2
Added Pin To Net: NetName=Netws172_2 Pin=ws172-2
Added Pin To Net: NetName=Netws172_2 Pin=ws173-4
Added Net: Name=Netws172_2
Added Pin To Net: NetName=Netws173_2 Pin=ws173-2
Added Pin To Net: NetName=Netws173_2 Pin=ws174-4
Added Net: Name=Netws173_2
Added Pin To Net: NetName=Netws174_2 Pin=ws174-2
Added Pin To Net: NetName=Netws174_2 Pin=ws175-4
Added Net: Name=Netws174_2
Added Pin To Net: NetName=Netws176_2 Pin=ws176-2
Added Pin To Net: NetName=Netws176_2 Pin=ws177-4
Added Net: Name=Netws176_2
Added Pin To Net: NetName=Netws177_2 Pin=ws177-2
Added Pin To Net: NetName=Netws177_2 Pin=ws178-4
Added Net: Name=Netws177_2
Added Pin To Net: NetName=Netws178_2 Pin=ws178-2
Added Pin To Net: NetName=Netws178_2 Pin=ws179-4
Added Net: Name=Netws178_2
Added Pin To Net: NetName=Netws179_2 Pin=ws179-2
Added Pin To Net: NetName=Netws179_2 Pin=ws180-4
Added Net: Name=Netws179_2
Added Pin To Net: NetName=Netws180_2 Pin=ws180-2
Added Pin To Net: NetName=Netws180_2 Pin=ws181-4
Added Net: Name=Netws180_2
Added Pin To Net: NetName=Netws181_2 Pin=ws181-2
Added Pin To Net: NetName=Netws181_2 Pin=ws182-4
Added Net: Name=Netws181_2
Added Pin To Net: NetName=Netws182_2 Pin=ws182-2
Added Pin To Net: NetName=Netws182_2 Pin=ws183-4
Added Net: Name=Netws182_2
Added Pin To Net: NetName=Netws183_2 Pin=ws183-2
Added Pin To Net: NetName=Netws183_2 Pin=ws184-4
Added Net: Name=Netws183_2
Added Pin To Net: NetName=Netws184_2 Pin=ws184-2
Added Pin To Net: NetName=Netws184_2 Pin=ws185-4
Added Net: Name=Netws184_2
Added Pin To Net: NetName=Netws185_2 Pin=ws185-2
Added Pin To Net: NetName=Netws185_2 Pin=ws186-4
Added Net: Name=Netws185_2
Added Pin To Net: NetName=Netws186_2 Pin=ws186-2
Added Pin To Net: NetName=Netws186_2 Pin=ws187-4
Added Net: Name=Netws186_2
Added Pin To Net: NetName=Netws187_2 Pin=ws187-2
Added Pin To Net: NetName=Netws187_2 Pin=ws188-4
Added Net: Name=Netws187_2
Added Pin To Net: NetName=Netws188_2 Pin=ws188-2
Added Pin To Net: NetName=Netws188_2 Pin=ws189-4
Added Net: Name=Netws188_2
Added Pin To Net: NetName=Netws189_2 Pin=ws189-2
Added Pin To Net: NetName=Netws189_2 Pin=ws190-4
Added Net: Name=Netws189_2
Added Pin To Net: NetName=Netws190_2 Pin=ws190-2
Added Pin To Net: NetName=Netws190_2 Pin=ws191-4
Added Net: Name=Netws190_2
Added Pin To Net: NetName=Netws191_2 Pin=ws191-2
Added Pin To Net: NetName=Netws191_2 Pin=ws192-4
Added Net: Name=Netws191_2
Added Pin To Net: NetName=Netws192_2 Pin=ws192-2
Added Pin To Net: NetName=Netws192_2 Pin=ws193-4
Added Net: Name=Netws192_2
Added Pin To Net: NetName=Netws193_2 Pin=ws193-2
Added Pin To Net: NetName=Netws193_2 Pin=ws194-4
Added Net: Name=Netws193_2
Added Pin To Net: NetName=Netws194_2 Pin=ws194-2
Added Pin To Net: NetName=Netws194_2 Pin=ws195-4
Added Net: Name=Netws194_2
Added Pin To Net: NetName=Netws195_2 Pin=ws195-2
Added Pin To Net: NetName=Netws195_2 Pin=ws196-4
Added Net: Name=Netws195_2
Added Pin To Net: NetName=Netws196_2 Pin=ws196-2
Added Pin To Net: NetName=Netws196_2 Pin=ws197-4
Added Net: Name=Netws196_2
Added Pin To Net: NetName=Netws197_2 Pin=ws197-2
Added Pin To Net: NetName=Netws197_2 Pin=ws198-4
Added Net: Name=Netws197_2
Added Pin To Net: NetName=Netws198_2 Pin=ws198-2
Added Pin To Net: NetName=Netws198_2 Pin=ws199-4
Added Net: Name=Netws198_2
Added Pin To Net: NetName=Netws199_2 Pin=ws199-2
Added Pin To Net: NetName=Netws199_2 Pin=ws200-4
Added Net: Name=Netws199_2
Added Pin To Net: NetName=Netws200_2 Pin=ws200-2
Added Pin To Net: NetName=Netws200_2 Pin=ws201-4
Added Net: Name=Netws200_2
Added Pin To Net: NetName=Netws201_2 Pin=ws201-2
Added Pin To Net: NetName=Netws201_2 Pin=ws202-4
Added Net: Name=Netws201_2
Added Pin To Net: NetName=Netws202_2 Pin=ws202-2
Added Pin To Net: NetName=Netws202_2 Pin=ws203-4
Added Net: Name=Netws202_2
Added Pin To Net: NetName=Netws203_2 Pin=ws203-2
Added Pin To Net: NetName=Netws203_2 Pin=ws204-4
Added Net: Name=Netws203_2
Added Pin To Net: NetName=Netws204_2 Pin=ws204-2
Added Pin To Net: NetName=Netws204_2 Pin=ws205-4
Added Net: Name=Netws204_2
Added Pin To Net: NetName=Netws205_2 Pin=ws205-2
Added Pin To Net: NetName=Netws205_2 Pin=ws206-4
Added Net: Name=Netws205_2
Added Pin To Net: NetName=Netws206_2 Pin=ws206-2
Added Pin To Net: NetName=Netws206_2 Pin=ws207-4
Added Net: Name=Netws206_2
Added Pin To Net: NetName=Netws207_2 Pin=ws207-2
Added Pin To Net: NetName=Netws207_2 Pin=ws208-4
Added Net: Name=Netws207_2
Added Pin To Net: NetName=Netws208_2 Pin=ws208-2
Added Pin To Net: NetName=Netws208_2 Pin=ws209-4
Added Net: Name=Netws208_2
Added Pin To Net: NetName=Netws209_2 Pin=ws209-2
Added Pin To Net: NetName=Netws209_2 Pin=ws210-4
Added Net: Name=Netws209_2
Added Pin To Net: NetName=Netws211_2 Pin=ws211-2
Added Pin To Net: NetName=Netws211_2 Pin=ws212-4
Added Net: Name=Netws211_2
Added Pin To Net: NetName=Netws212_2 Pin=ws212-2
Added Pin To Net: NetName=Netws212_2 Pin=ws213-4
Added Net: Name=Netws212_2
Added Pin To Net: NetName=Netws213_2 Pin=ws213-2
Added Pin To Net: NetName=Netws213_2 Pin=ws214-4
Added Net: Name=Netws213_2
Added Pin To Net: NetName=Netws214_2 Pin=ws214-2
Added Pin To Net: NetName=Netws214_2 Pin=ws215-4
Added Net: Name=Netws214_2
Added Pin To Net: NetName=Netws215_2 Pin=ws215-2
Added Pin To Net: NetName=Netws215_2 Pin=ws216-4
Added Net: Name=Netws215_2
Added Pin To Net: NetName=Netws216_2 Pin=ws216-2
Added Pin To Net: NetName=Netws216_2 Pin=ws217-4
Added Net: Name=Netws216_2
Added Pin To Net: NetName=Netws217_2 Pin=ws217-2
Added Pin To Net: NetName=Netws217_2 Pin=ws218-4
Added Net: Name=Netws217_2
Added Pin To Net: NetName=Netws218_2 Pin=ws218-2
Added Pin To Net: NetName=Netws218_2 Pin=ws219-4
Added Net: Name=Netws218_2
Added Pin To Net: NetName=Netws219_2 Pin=ws219-2
Added Pin To Net: NetName=Netws219_2 Pin=ws220-4
Added Net: Name=Netws219_2
Added Pin To Net: NetName=Netws220_2 Pin=ws220-2
Added Pin To Net: NetName=Netws220_2 Pin=ws221-4
Added Net: Name=Netws220_2
Added Pin To Net: NetName=Netws221_2 Pin=ws221-2
Added Pin To Net: NetName=Netws221_2 Pin=ws222-4
Added Net: Name=Netws221_2
Added Pin To Net: NetName=Netws222_2 Pin=ws222-2
Added Pin To Net: NetName=Netws222_2 Pin=ws223-4
Added Net: Name=Netws222_2
Added Pin To Net: NetName=Netws223_2 Pin=ws223-2
Added Pin To Net: NetName=Netws223_2 Pin=ws224-4
Added Net: Name=Netws223_2
Added Pin To Net: NetName=Netws224_2 Pin=ws224-2
Added Pin To Net: NetName=Netws224_2 Pin=ws225-4
Added Net: Name=Netws224_2
Added Pin To Net: NetName=Netws225_2 Pin=ws225-2
Added Pin To Net: NetName=Netws225_2 Pin=ws226-4
Added Net: Name=Netws225_2
Added Pin To Net: NetName=Netws226_2 Pin=ws226-2
Added Pin To Net: NetName=Netws226_2 Pin=ws227-4
Added Net: Name=Netws226_2
Added Pin To Net: NetName=Netws227_2 Pin=ws227-2
Added Pin To Net: NetName=Netws227_2 Pin=ws228-4
Added Net: Name=Netws227_2
Added Class: Name=panel4
Added Class: Name=panel5
Added Class: Name=panel6
Added Class: Name=panel7
Added Room: Name=panel4
Added Room: Name=panel5
Added Room: Name=panel6
Added Room: Name=panel7
