Added Component: Designator=C36(CAPC1608X90N)
Added Component: Designator=C37(CAPC1608X90N)
Added Component: Designator=C38(CAPC1608X90N)
Added Component: Designator=C39(CAPC1608X90N)
Added Component: Designator=C40(CAPC1608X90N)
Added Component: Designator=C41(CAPC1608X90N)
Added Component: Designator=C42(CAPC1608X90N)
Added Component: Designator=C43(CAPC1608X90N)
Added Component: Designator=C44(CAPC1608X90N)
Added Component: Designator=C45(CAPC1608X90N)
Added Component: Designator=C46(CAPC1608X90N)
Added Component: Designator=C47(CAPC1608X90N)
Added Component: Designator=C48(CAPC1608X90N)
Added Component: Designator=C49(CAPC1608X90N)
Added Component: Designator=C50(CAPC1608X90N)
Added Component: Designator=C51(CAPC1608X90N)
Added Component: Designator=C52(CAPC1608X90N)
Added Component: Designator=C53(CAPC1608X90N)
Added Component: Designator=C54(CAPC1608X90N)
Added Component: Designator=C55(CAPC1608X90N)
Added Component: Designator=C56(CAPC1608X90N)
Added Component: Designator=C57(CAPC1608X90N)
Added Component: Designator=C58(CAPC1608X90N)
Added Component: Designator=C59(CAPC1608X90N)
Added Component: Designator=C60(CAPC1608X90N)
Added Component: Designator=C61(CAPC1608X90N)
Added Component: Designator=C62(CAPC1608X90N)
Added Component: Designator=C63(CAPC1608X90N)
Added Component: Designator=C64(CAPC1608X90N)
Added Component: Designator=C65(CAPC1608X90N)
Added Component: Designator=C66(CAPC1608X90N)
Added Component: Designator=C67(CAPC1608X90N)
Added Component: Designator=C68(CAPC1608X90N)
Added Component: Designator=C69(CAPC1608X90N)
Added Component: Designator=C70(CAPC1608X90N)
Added Component: Designator=C71(CAPC1608X90N)
Added Component: Designator=C72(CAPC1608X90N)
Added Component: Designator=C73(CAPC1608X90N)
Added Component: Designator=C74(CAPC1608X90N)
Added Component: Designator=C75(CAPC1608X90N)
Added Component: Designator=C76(CAPC1608X90N)
Added Component: Designator=C77(CAPC1608X90N)
Added Component: Designator=C78(CAPC1608X90N)
Added Component: Designator=C79(CAPC1608X90N)
Added Component: Designator=C80(CAPC1608X90N)
Added Component: Designator=C81(CAPC1608X90N)
Added Component: Designator=C82(CAPC1608X90N)
Added Component: Designator=C83(CAPC1608X90N)
Added Component: Designator=C84(CAPC1608X90N)
Added Component: Designator=C85(CAPC1608X90N)
Added Component: Designator=C86(CAPC1608X90N)
Added Component: Designator=C87(CAPC1608X90N)
Added Component: Designator=C88(CAPC1608X90N)
Added Component: Designator=C89(CAPC1608X90N)
Added Component: Designator=C90(CAPC1608X90N)
Added Component: Designator=C91(CAPC1608X90N)
Added Component: Designator=C92(CAPC1608X90N)
Added Component: Designator=C93(CAPC1608X90N)
Added Component: Designator=C94(CAPC1608X90N)
Added Component: Designator=C95(CAPC1608X90N)
Added Component: Designator=C96(CAPC1608X90N)
Added Component: Designator=C97(CAPC1608X90N)
Added Component: Designator=C98(CAPC1608X90N)
Added Component: Designator=C99(CAPC1608X90N)
Added Component: Designator=C100(CAPC1608X90N)
Added Component: Designator=C101(CAPC1608X90N)
Added Component: Designator=C102(CAPC1608X90N)
Added Component: Designator=C103(CAPC1608X90N)
Added Component: Designator=C104(CAPC1608X90N)
Added Component: Designator=C105(CAPC1608X90N)
Added Component: Designator=ws36(SOP4)
Added Component: Designator=ws37(SOP4)
Added Component: Designator=ws38(SOP4)
Added Component: Designator=ws39(SOP4)
Added Component: Designator=ws40(SOP4)
Added Component: Designator=ws41(SOP4)
Added Component: Designator=ws42(SOP4)
Added Component: Designator=ws43(SOP4)
Added Component: Designator=ws44(SOP4)
Added Component: Designator=ws45(SOP4)
Added Component: Designator=ws46(SOP4)
Added Component: Designator=ws47(SOP4)
Added Component: Designator=ws48(SOP4)
Added Component: Designator=ws49(SOP4)
Added Component: Designator=ws50(SOP4)
Added Component: Designator=ws51(SOP4)
Added Component: Designator=ws52(SOP4)
Added Component: Designator=ws53(SOP4)
Added Component: Designator=ws54(SOP4)
Added Component: Designator=ws55(SOP4)
Added Component: Designator=ws56(SOP4)
Added Component: Designator=ws57(SOP4)
Added Component: Designator=ws58(SOP4)
Added Component: Designator=ws59(SOP4)
Added Component: Designator=ws60(SOP4)
Added Component: Designator=ws61(SOP4)
Added Component: Designator=ws62(SOP4)
Added Component: Designator=ws63(SOP4)
Added Component: Designator=ws64(SOP4)
Added Component: Designator=ws65(SOP4)
Added Component: Designator=ws66(SOP4)
Added Component: Designator=ws67(SOP4)
Added Component: Designator=ws68(SOP4)
Added Component: Designator=ws69(SOP4)
Added Component: Designator=ws70(SOP4)
Added Component: Designator=ws71(SOP4)
Added Component: Designator=ws72(SOP4)
Added Component: Designator=ws73(SOP4)
Added Component: Designator=ws74(SOP4)
Added Component: Designator=ws75(SOP4)
Added Component: Designator=ws76(SOP4)
Added Component: Designator=ws77(SOP4)
Added Component: Designator=ws78(SOP4)
Added Component: Designator=ws79(SOP4)
Added Component: Designator=ws80(SOP4)
Added Component: Designator=ws81(SOP4)
Added Component: Designator=ws82(SOP4)
Added Component: Designator=ws83(SOP4)
Added Component: Designator=ws84(SOP4)
Added Component: Designator=ws85(SOP4)
Added Component: Designator=ws86(SOP4)
Added Component: Designator=ws87(SOP4)
Added Component: Designator=ws88(SOP4)
Added Component: Designator=ws89(SOP4)
Added Component: Designator=ws90(SOP4)
Added Component: Designator=ws91(SOP4)
Added Component: Designator=ws92(SOP4)
Added Component: Designator=ws93(SOP4)
Added Component: Designator=ws94(SOP4)
Added Component: Designator=ws95(SOP4)
Added Component: Designator=ws96(SOP4)
Added Component: Designator=ws97(SOP4)
Added Component: Designator=ws98(SOP4)
Added Component: Designator=ws99(SOP4)
Added Component: Designator=ws100(SOP4)
Added Component: Designator=ws101(SOP4)
Added Component: Designator=ws102(SOP4)
Added Component: Designator=ws103(SOP4)
Added Component: Designator=ws104(SOP4)
Added Component: Designator=ws105(SOP4)
Added Pin To Net: NetName=VCC Pin=C36-1
Added Pin To Net: NetName=GND Pin=C36-2
Added Pin To Net: NetName=VCC Pin=C37-1
Added Pin To Net: NetName=GND Pin=C37-2
Added Pin To Net: NetName=VCC Pin=C38-1
Added Pin To Net: NetName=GND Pin=C38-2
Added Pin To Net: NetName=VCC Pin=C39-1
Added Pin To Net: NetName=GND Pin=C39-2
Added Pin To Net: NetName=VCC Pin=C40-1
Added Pin To Net: NetName=GND Pin=C40-2
Added Pin To Net: NetName=VCC Pin=C41-1
Added Pin To Net: NetName=GND Pin=C41-2
Added Pin To Net: NetName=VCC Pin=C42-1
Added Pin To Net: NetName=GND Pin=C42-2
Added Pin To Net: NetName=VCC Pin=C43-1
Added Pin To Net: NetName=GND Pin=C43-2
Added Pin To Net: NetName=VCC Pin=C44-1
Added Pin To Net: NetName=GND Pin=C44-2
Added Pin To Net: NetName=VCC Pin=C45-1
Added Pin To Net: NetName=GND Pin=C45-2
Added Pin To Net: NetName=VCC Pin=C46-1
Added Pin To Net: NetName=GND Pin=C46-2
Added Pin To Net: NetName=VCC Pin=C47-1
Added Pin To Net: NetName=GND Pin=C47-2
Added Pin To Net: NetName=VCC Pin=C48-1
Added Pin To Net: NetName=GND Pin=C48-2
Added Pin To Net: NetName=VCC Pin=C49-1
Added Pin To Net: NetName=GND Pin=C49-2
Added Pin To Net: NetName=VCC Pin=C50-1
Added Pin To Net: NetName=GND Pin=C50-2
Added Pin To Net: NetName=VCC Pin=C51-1
Added Pin To Net: NetName=GND Pin=C51-2
Added Pin To Net: NetName=VCC Pin=C52-1
Added Pin To Net: NetName=GND Pin=C52-2
Added Pin To Net: NetName=VCC Pin=C53-1
Added Pin To Net: NetName=GND Pin=C53-2
Added Pin To Net: NetName=VCC Pin=C54-1
Added Pin To Net: NetName=GND Pin=C54-2
Added Pin To Net: NetName=VCC Pin=C55-1
Added Pin To Net: NetName=GND Pin=C55-2
Added Pin To Net: NetName=VCC Pin=C56-1
Added Pin To Net: NetName=GND Pin=C56-2
Added Pin To Net: NetName=VCC Pin=C57-1
Added Pin To Net: NetName=GND Pin=C57-2
Added Pin To Net: NetName=VCC Pin=C58-1
Added Pin To Net: NetName=GND Pin=C58-2
Added Pin To Net: NetName=VCC Pin=C59-1
Added Pin To Net: NetName=GND Pin=C59-2
Added Pin To Net: NetName=VCC Pin=C60-1
Added Pin To Net: NetName=GND Pin=C60-2
Added Pin To Net: NetName=VCC Pin=C61-1
Added Pin To Net: NetName=GND Pin=C61-2
Added Pin To Net: NetName=VCC Pin=C62-1
Added Pin To Net: NetName=GND Pin=C62-2
Added Pin To Net: NetName=VCC Pin=C63-1
Added Pin To Net: NetName=GND Pin=C63-2
Added Pin To Net: NetName=VCC Pin=C64-1
Added Pin To Net: NetName=GND Pin=C64-2
Added Pin To Net: NetName=VCC Pin=C65-1
Added Pin To Net: NetName=GND Pin=C65-2
Added Pin To Net: NetName=VCC Pin=C66-1
Added Pin To Net: NetName=GND Pin=C66-2
Added Pin To Net: NetName=VCC Pin=C67-1
Added Pin To Net: NetName=GND Pin=C67-2
Added Pin To Net: NetName=VCC Pin=C68-1
Added Pin To Net: NetName=GND Pin=C68-2
Added Pin To Net: NetName=VCC Pin=C69-1
Added Pin To Net: NetName=GND Pin=C69-2
Added Pin To Net: NetName=VCC Pin=C70-1
Added Pin To Net: NetName=GND Pin=C70-2
Added Pin To Net: NetName=VCC Pin=C71-1
Added Pin To Net: NetName=GND Pin=C71-2
Added Pin To Net: NetName=VCC Pin=C72-1
Added Pin To Net: NetName=GND Pin=C72-2
Added Pin To Net: NetName=VCC Pin=C73-1
Added Pin To Net: NetName=GND Pin=C73-2
Added Pin To Net: NetName=VCC Pin=C74-1
Added Pin To Net: NetName=GND Pin=C74-2
Added Pin To Net: NetName=VCC Pin=C75-1
Added Pin To Net: NetName=GND Pin=C75-2
Added Pin To Net: NetName=VCC Pin=C76-1
Added Pin To Net: NetName=GND Pin=C76-2
Added Pin To Net: NetName=VCC Pin=C77-1
Added Pin To Net: NetName=GND Pin=C77-2
Added Pin To Net: NetName=VCC Pin=C78-1
Added Pin To Net: NetName=GND Pin=C78-2
Added Pin To Net: NetName=VCC Pin=C79-1
Added Pin To Net: NetName=GND Pin=C79-2
Added Pin To Net: NetName=VCC Pin=C80-1
Added Pin To Net: NetName=GND Pin=C80-2
Added Pin To Net: NetName=VCC Pin=C81-1
Added Pin To Net: NetName=GND Pin=C81-2
Added Pin To Net: NetName=VCC Pin=C82-1
Added Pin To Net: NetName=GND Pin=C82-2
Added Pin To Net: NetName=VCC Pin=C83-1
Added Pin To Net: NetName=GND Pin=C83-2
Added Pin To Net: NetName=VCC Pin=C84-1
Added Pin To Net: NetName=GND Pin=C84-2
Added Pin To Net: NetName=VCC Pin=C85-1
Added Pin To Net: NetName=GND Pin=C85-2
Added Pin To Net: NetName=VCC Pin=C86-1
Added Pin To Net: NetName=GND Pin=C86-2
Added Pin To Net: NetName=VCC Pin=C87-1
Added Pin To Net: NetName=GND Pin=C87-2
Added Pin To Net: NetName=VCC Pin=C88-1
Added Pin To Net: NetName=GND Pin=C88-2
Added Pin To Net: NetName=VCC Pin=C89-1
Added Pin To Net: NetName=GND Pin=C89-2
Added Pin To Net: NetName=VCC Pin=C90-1
Added Pin To Net: NetName=GND Pin=C90-2
Added Pin To Net: NetName=VCC Pin=C91-1
Added Pin To Net: NetName=GND Pin=C91-2
Added Pin To Net: NetName=VCC Pin=C92-1
Added Pin To Net: NetName=GND Pin=C92-2
Added Pin To Net: NetName=VCC Pin=C93-1
Added Pin To Net: NetName=GND Pin=C93-2
Added Pin To Net: NetName=VCC Pin=C94-1
Added Pin To Net: NetName=GND Pin=C94-2
Added Pin To Net: NetName=VCC Pin=C95-1
Added Pin To Net: NetName=GND Pin=C95-2
Added Pin To Net: NetName=VCC Pin=C96-1
Added Pin To Net: NetName=GND Pin=C96-2
Added Pin To Net: NetName=VCC Pin=C97-1
Added Pin To Net: NetName=GND Pin=C97-2
Added Pin To Net: NetName=VCC Pin=C98-1
Added Pin To Net: NetName=GND Pin=C98-2
Added Pin To Net: NetName=VCC Pin=C99-1
Added Pin To Net: NetName=GND Pin=C99-2
Added Pin To Net: NetName=VCC Pin=C100-1
Added Pin To Net: NetName=GND Pin=C100-2
Added Pin To Net: NetName=VCC Pin=C101-1
Added Pin To Net: NetName=GND Pin=C101-2
Added Pin To Net: NetName=VCC Pin=C102-1
Added Pin To Net: NetName=GND Pin=C102-2
Added Pin To Net: NetName=VCC Pin=C103-1
Added Pin To Net: NetName=GND Pin=C103-2
Added Pin To Net: NetName=VCC Pin=C104-1
Added Pin To Net: NetName=GND Pin=C104-2
Added Pin To Net: NetName=VCC Pin=C105-1
Added Pin To Net: NetName=GND Pin=C105-2
Added Pin To Net: NetName=VCC Pin=ws36-1
Added Pin To Net: NetName=GND Pin=ws36-3
Added Pin To Net: NetName=VCC Pin=ws37-1
Added Pin To Net: NetName=GND Pin=ws37-3
Added Pin To Net: NetName=VCC Pin=ws38-1
Added Pin To Net: NetName=GND Pin=ws38-3
Added Pin To Net: NetName=VCC Pin=ws39-1
Added Pin To Net: NetName=GND Pin=ws39-3
Added Pin To Net: NetName=VCC Pin=ws40-1
Added Pin To Net: NetName=GND Pin=ws40-3
Added Pin To Net: NetName=VCC Pin=ws41-1
Added Pin To Net: NetName=GND Pin=ws41-3
Added Pin To Net: NetName=VCC Pin=ws42-1
Added Pin To Net: NetName=GND Pin=ws42-3
Added Pin To Net: NetName=VCC Pin=ws43-1
Added Pin To Net: NetName=GND Pin=ws43-3
Added Pin To Net: NetName=VCC Pin=ws44-1
Added Pin To Net: NetName=GND Pin=ws44-3
Added Pin To Net: NetName=VCC Pin=ws45-1
Added Pin To Net: NetName=GND Pin=ws45-3
Added Pin To Net: NetName=VCC Pin=ws46-1
Added Pin To Net: NetName=GND Pin=ws46-3
Added Pin To Net: NetName=VCC Pin=ws47-1
Added Pin To Net: NetName=GND Pin=ws47-3
Added Pin To Net: NetName=VCC Pin=ws48-1
Added Pin To Net: NetName=GND Pin=ws48-3
Added Pin To Net: NetName=VCC Pin=ws49-1
Added Pin To Net: NetName=GND Pin=ws49-3
Added Pin To Net: NetName=VCC Pin=ws50-1
Added Pin To Net: NetName=GND Pin=ws50-3
Added Pin To Net: NetName=VCC Pin=ws51-1
Added Pin To Net: NetName=GND Pin=ws51-3
Added Pin To Net: NetName=VCC Pin=ws52-1
Added Pin To Net: NetName=GND Pin=ws52-3
Added Pin To Net: NetName=VCC Pin=ws53-1
Added Pin To Net: NetName=GND Pin=ws53-3
Added Pin To Net: NetName=VCC Pin=ws54-1
Added Pin To Net: NetName=GND Pin=ws54-3
Added Pin To Net: NetName=VCC Pin=ws55-1
Added Pin To Net: NetName=GND Pin=ws55-3
Added Pin To Net: NetName=VCC Pin=ws56-1
Added Pin To Net: NetName=GND Pin=ws56-3
Added Pin To Net: NetName=VCC Pin=ws57-1
Added Pin To Net: NetName=GND Pin=ws57-3
Added Pin To Net: NetName=VCC Pin=ws58-1
Added Pin To Net: NetName=GND Pin=ws58-3
Added Pin To Net: NetName=VCC Pin=ws59-1
Added Pin To Net: NetName=GND Pin=ws59-3
Added Pin To Net: NetName=VCC Pin=ws60-1
Added Pin To Net: NetName=GND Pin=ws60-3
Added Pin To Net: NetName=VCC Pin=ws61-1
Added Pin To Net: NetName=GND Pin=ws61-3
Added Pin To Net: NetName=VCC Pin=ws62-1
Added Pin To Net: NetName=GND Pin=ws62-3
Added Pin To Net: NetName=VCC Pin=ws63-1
Added Pin To Net: NetName=GND Pin=ws63-3
Added Pin To Net: NetName=VCC Pin=ws64-1
Added Pin To Net: NetName=VCC Pin=ws65-1
Added Pin To Net: NetName=VCC Pin=ws66-1
Added Pin To Net: NetName=VCC Pin=ws67-1
Added Pin To Net: NetName=VCC Pin=ws68-1
Added Pin To Net: NetName=VCC Pin=ws69-1
Added Pin To Net: NetName=VCC Pin=ws70-1
Added Pin To Net: NetName=VCC Pin=ws71-1
Added Pin To Net: NetName=GND Pin=ws71-3
Added Pin To Net: NetName=VCC Pin=ws72-1
Added Pin To Net: NetName=GND Pin=ws72-3
Added Pin To Net: NetName=VCC Pin=ws73-1
Added Pin To Net: NetName=GND Pin=ws73-3
Added Pin To Net: NetName=VCC Pin=ws74-1
Added Pin To Net: NetName=GND Pin=ws74-3
Added Pin To Net: NetName=VCC Pin=ws75-1
Added Pin To Net: NetName=GND Pin=ws75-3
Added Pin To Net: NetName=VCC Pin=ws76-1
Added Pin To Net: NetName=GND Pin=ws76-3
Added Pin To Net: NetName=VCC Pin=ws77-1
Added Pin To Net: NetName=GND Pin=ws77-3
Added Pin To Net: NetName=VCC Pin=ws78-1
Added Pin To Net: NetName=GND Pin=ws78-3
Added Pin To Net: NetName=VCC Pin=ws79-1
Added Pin To Net: NetName=GND Pin=ws79-3
Added Pin To Net: NetName=VCC Pin=ws80-1
Added Pin To Net: NetName=GND Pin=ws80-3
Added Pin To Net: NetName=VCC Pin=ws81-1
Added Pin To Net: NetName=GND Pin=ws81-3
Added Pin To Net: NetName=VCC Pin=ws82-1
Added Pin To Net: NetName=GND Pin=ws82-3
Added Pin To Net: NetName=VCC Pin=ws83-1
Added Pin To Net: NetName=GND Pin=ws83-3
Added Pin To Net: NetName=VCC Pin=ws84-1
Added Pin To Net: NetName=GND Pin=ws84-3
Added Pin To Net: NetName=VCC Pin=ws85-1
Added Pin To Net: NetName=GND Pin=ws85-3
Added Pin To Net: NetName=VCC Pin=ws86-1
Added Pin To Net: NetName=GND Pin=ws86-3
Added Pin To Net: NetName=VCC Pin=ws87-1
Added Pin To Net: NetName=GND Pin=ws87-3
Added Pin To Net: NetName=VCC Pin=ws88-1
Added Pin To Net: NetName=GND Pin=ws88-3
Added Pin To Net: NetName=VCC Pin=ws89-1
Added Pin To Net: NetName=GND Pin=ws89-3
Added Pin To Net: NetName=VCC Pin=ws90-1
Added Pin To Net: NetName=GND Pin=ws90-3
Added Pin To Net: NetName=VCC Pin=ws91-1
Added Pin To Net: NetName=GND Pin=ws91-3
Added Pin To Net: NetName=VCC Pin=ws92-1
Added Pin To Net: NetName=GND Pin=ws92-3
Added Pin To Net: NetName=VCC Pin=ws93-1
Added Pin To Net: NetName=GND Pin=ws93-3
Added Pin To Net: NetName=VCC Pin=ws94-1
Added Pin To Net: NetName=GND Pin=ws94-3
Added Pin To Net: NetName=VCC Pin=ws95-1
Added Pin To Net: NetName=GND Pin=ws95-3
Added Pin To Net: NetName=VCC Pin=ws96-1
Added Pin To Net: NetName=GND Pin=ws96-3
Added Pin To Net: NetName=VCC Pin=ws97-1
Added Pin To Net: NetName=GND Pin=ws97-3
Added Pin To Net: NetName=VCC Pin=ws98-1
Added Pin To Net: NetName=GND Pin=ws98-3
Added Pin To Net: NetName=VCC Pin=ws99-1
Added Pin To Net: NetName=VCC Pin=ws100-1
Added Pin To Net: NetName=VCC Pin=ws101-1
Added Pin To Net: NetName=VCC Pin=ws102-1
Added Pin To Net: NetName=VCC Pin=ws103-1
Added Pin To Net: NetName=VCC Pin=ws104-1
Added Pin To Net: NetName=VCC Pin=ws105-1
Added Pin To Net: NetName=Netws36_2 Pin=ws36-2
Added Pin To Net: NetName=Netws36_2 Pin=ws37-4
Added Net: Name=Netws36_2
Added Pin To Net: NetName=Netws37_2 Pin=ws37-2
Added Pin To Net: NetName=Netws37_2 Pin=ws38-4
Added Net: Name=Netws37_2
Added Pin To Net: NetName=Netws38_2 Pin=ws38-2
Added Pin To Net: NetName=Netws38_2 Pin=ws39-4
Added Net: Name=Netws38_2
Added Pin To Net: NetName=Netws39_2 Pin=ws39-2
Added Pin To Net: NetName=Netws39_2 Pin=ws40-4
Added Net: Name=Netws39_2
Added Pin To Net: NetName=Netws40_2 Pin=ws40-2
Added Pin To Net: NetName=Netws40_2 Pin=ws41-4
Added Net: Name=Netws40_2
Added Pin To Net: NetName=Netws41_2 Pin=ws41-2
Added Pin To Net: NetName=Netws41_2 Pin=ws42-4
Added Net: Name=Netws41_2
Added Pin To Net: NetName=Netws42_2 Pin=ws42-2
Added Pin To Net: NetName=Netws42_2 Pin=ws43-4
Added Net: Name=Netws42_2
Added Pin To Net: NetName=Netws43_2 Pin=ws43-2
Added Pin To Net: NetName=Netws43_2 Pin=ws44-4
Added Net: Name=Netws43_2
Added Pin To Net: NetName=Netws44_2 Pin=ws44-2
Added Pin To Net: NetName=Netws44_2 Pin=ws45-4
Added Net: Name=Netws44_2
Added Pin To Net: NetName=Netws45_2 Pin=ws45-2
Added Pin To Net: NetName=Netws45_2 Pin=ws46-4
Added Net: Name=Netws45_2
Added Pin To Net: NetName=Netws46_2 Pin=ws46-2
Added Pin To Net: NetName=Netws46_2 Pin=ws47-4
Added Net: Name=Netws46_2
Added Pin To Net: NetName=Netws47_2 Pin=ws47-2
Added Pin To Net: NetName=Netws47_2 Pin=ws48-4
Added Net: Name=Netws47_2
Added Pin To Net: NetName=Netws48_2 Pin=ws48-2
Added Pin To Net: NetName=Netws48_2 Pin=ws49-4
Added Net: Name=Netws48_2
Added Pin To Net: NetName=Netws49_2 Pin=ws49-2
Added Pin To Net: NetName=Netws49_2 Pin=ws50-4
Added Net: Name=Netws49_2
Added Pin To Net: NetName=Netws50_2 Pin=ws50-2
Added Pin To Net: NetName=Netws50_2 Pin=ws51-4
Added Net: Name=Netws50_2
Added Pin To Net: NetName=Netws51_2 Pin=ws51-2
Added Pin To Net: NetName=Netws51_2 Pin=ws52-4
Added Net: Name=Netws51_2
Added Pin To Net: NetName=Netws52_2 Pin=ws52-2
Added Pin To Net: NetName=Netws52_2 Pin=ws53-4
Added Net: Name=Netws52_2
Added Pin To Net: NetName=Netws53_2 Pin=ws53-2
Added Pin To Net: NetName=Netws53_2 Pin=ws54-4
Added Net: Name=Netws53_2
Added Pin To Net: NetName=Netws54_2 Pin=ws54-2
Added Pin To Net: NetName=Netws54_2 Pin=ws55-4
Added Net: Name=Netws54_2
Added Pin To Net: NetName=Netws55_2 Pin=ws55-2
Added Pin To Net: NetName=Netws55_2 Pin=ws56-4
Added Net: Name=Netws55_2
Added Pin To Net: NetName=Netws56_2 Pin=ws56-2
Added Pin To Net: NetName=Netws56_2 Pin=ws57-4
Added Net: Name=Netws56_2
Added Pin To Net: NetName=Netws57_2 Pin=ws57-2
Added Pin To Net: NetName=Netws57_2 Pin=ws58-4
Added Net: Name=Netws57_2
Added Pin To Net: NetName=Netws58_2 Pin=ws58-2
Added Pin To Net: NetName=Netws58_2 Pin=ws59-4
Added Net: Name=Netws58_2
Added Pin To Net: NetName=Netws59_2 Pin=ws59-2
Added Pin To Net: NetName=Netws59_2 Pin=ws60-4
Added Net: Name=Netws59_2
Added Pin To Net: NetName=Netws60_2 Pin=ws60-2
Added Pin To Net: NetName=Netws60_2 Pin=ws61-4
Added Net: Name=Netws60_2
Added Pin To Net: NetName=Netws61_2 Pin=ws61-2
Added Pin To Net: NetName=Netws61_2 Pin=ws62-4
Added Net: Name=Netws61_2
Added Pin To Net: NetName=Netws62_2 Pin=ws62-2
Added Pin To Net: NetName=Netws62_2 Pin=ws63-4
Added Net: Name=Netws62_2
Added Pin To Net: NetName=Netws63_2 Pin=ws63-2
Added Pin To Net: NetName=Netws63_2 Pin=ws64-4
Added Net: Name=Netws63_2
Added Pin To Net: NetName=Netws64_2 Pin=ws64-2
Added Pin To Net: NetName=Netws64_2 Pin=ws65-4
Added Net: Name=Netws64_2
Added Pin To Net: NetName=Netws65_2 Pin=ws65-2
Added Pin To Net: NetName=Netws65_2 Pin=ws66-4
Added Net: Name=Netws65_2
Added Pin To Net: NetName=Netws66_2 Pin=ws66-2
Added Pin To Net: NetName=Netws66_2 Pin=ws67-4
Added Net: Name=Netws66_2
Added Pin To Net: NetName=Netws67_2 Pin=ws67-2
Added Pin To Net: NetName=Netws67_2 Pin=ws68-4
Added Net: Name=Netws67_2
Added Pin To Net: NetName=Netws68_2 Pin=ws68-2
Added Pin To Net: NetName=Netws68_2 Pin=ws69-4
Added Net: Name=Netws68_2
Added Pin To Net: NetName=Netws69_2 Pin=ws69-2
Added Pin To Net: NetName=Netws69_2 Pin=ws70-4
Added Net: Name=Netws69_2
Added Pin To Net: NetName=Netws71_2 Pin=ws71-2
Added Pin To Net: NetName=Netws71_2 Pin=ws72-4
Added Net: Name=Netws71_2
Added Pin To Net: NetName=Netws72_2 Pin=ws72-2
Added Pin To Net: NetName=Netws72_2 Pin=ws73-4
Added Net: Name=Netws72_2
Added Pin To Net: NetName=Netws73_2 Pin=ws73-2
Added Pin To Net: NetName=Netws73_2 Pin=ws74-4
Added Net: Name=Netws73_2
Added Pin To Net: NetName=Netws74_2 Pin=ws74-2
Added Pin To Net: NetName=Netws74_2 Pin=ws75-4
Added Net: Name=Netws74_2
Added Pin To Net: NetName=Netws75_2 Pin=ws75-2
Added Pin To Net: NetName=Netws75_2 Pin=ws76-4
Added Net: Name=Netws75_2
Added Pin To Net: NetName=Netws76_2 Pin=ws76-2
Added Pin To Net: NetName=Netws76_2 Pin=ws77-4
Added Net: Name=Netws76_2
Added Pin To Net: NetName=Netws77_2 Pin=ws77-2
Added Pin To Net: NetName=Netws77_2 Pin=ws78-4
Added Net: Name=Netws77_2
Added Pin To Net: NetName=Netws78_2 Pin=ws78-2
Added Pin To Net: NetName=Netws78_2 Pin=ws79-4
Added Net: Name=Netws78_2
Added Pin To Net: NetName=Netws79_2 Pin=ws79-2
Added Pin To Net: NetName=Netws79_2 Pin=ws80-4
Added Net: Name=Netws79_2
Added Pin To Net: NetName=Netws80_2 Pin=ws80-2
Added Pin To Net: NetName=Netws80_2 Pin=ws81-4
Added Net: Name=Netws80_2
Added Pin To Net: NetName=Netws81_2 Pin=ws81-2
Added Pin To Net: NetName=Netws81_2 Pin=ws82-4
Added Net: Name=Netws81_2
Added Pin To Net: NetName=Netws82_2 Pin=ws82-2
Added Pin To Net: NetName=Netws82_2 Pin=ws83-4
Added Net: Name=Netws82_2
Added Pin To Net: NetName=Netws83_2 Pin=ws83-2
Added Pin To Net: NetName=Netws83_2 Pin=ws84-4
Added Net: Name=Netws83_2
Added Pin To Net: NetName=Netws84_2 Pin=ws84-2
Added Pin To Net: NetName=Netws84_2 Pin=ws85-4
Added Net: Name=Netws84_2
Added Pin To Net: NetName=Netws85_2 Pin=ws85-2
Added Pin To Net: NetName=Netws85_2 Pin=ws86-4
Added Net: Name=Netws85_2
Added Pin To Net: NetName=Netws86_2 Pin=ws86-2
Added Pin To Net: NetName=Netws86_2 Pin=ws87-4
Added Net: Name=Netws86_2
Added Pin To Net: NetName=Netws87_2 Pin=ws87-2
Added Pin To Net: NetName=Netws87_2 Pin=ws88-4
Added Net: Name=Netws87_2
Added Pin To Net: NetName=Netws88_2 Pin=ws88-2
Added Pin To Net: NetName=Netws88_2 Pin=ws89-4
Added Net: Name=Netws88_2
Added Pin To Net: NetName=Netws89_2 Pin=ws89-2
Added Pin To Net: NetName=Netws89_2 Pin=ws90-4
Added Net: Name=Netws89_2
Added Pin To Net: NetName=Netws90_2 Pin=ws90-2
Added Pin To Net: NetName=Netws90_2 Pin=ws91-4
Added Net: Name=Netws90_2
Added Pin To Net: NetName=Netws91_2 Pin=ws91-2
Added Pin To Net: NetName=Netws91_2 Pin=ws92-4
Added Net: Name=Netws91_2
Added Pin To Net: NetName=Netws92_2 Pin=ws92-2
Added Pin To Net: NetName=Netws92_2 Pin=ws93-4
Added Net: Name=Netws92_2
Added Pin To Net: NetName=Netws93_2 Pin=ws93-2
Added Pin To Net: NetName=Netws93_2 Pin=ws94-4
Added Net: Name=Netws93_2
Added Pin To Net: NetName=Netws94_2 Pin=ws94-2
Added Pin To Net: NetName=Netws94_2 Pin=ws95-4
Added Net: Name=Netws94_2
Added Pin To Net: NetName=Netws95_2 Pin=ws95-2
Added Pin To Net: NetName=Netws95_2 Pin=ws96-4
Added Net: Name=Netws95_2
Added Pin To Net: NetName=Netws96_2 Pin=ws96-2
Added Pin To Net: NetName=Netws96_2 Pin=ws97-4
Added Net: Name=Netws96_2
Added Pin To Net: NetName=Netws97_2 Pin=ws97-2
Added Pin To Net: NetName=Netws97_2 Pin=ws98-4
Added Net: Name=Netws97_2
Added Pin To Net: NetName=Netws98_2 Pin=ws98-2
Added Pin To Net: NetName=Netws98_2 Pin=ws99-4
Added Net: Name=Netws98_2
Added Pin To Net: NetName=Netws99_2 Pin=ws99-2
Added Pin To Net: NetName=Netws99_2 Pin=ws100-4
Added Net: Name=Netws99_2
Added Pin To Net: NetName=Netws100_2 Pin=ws100-2
Added Pin To Net: NetName=Netws100_2 Pin=ws101-4
Added Net: Name=Netws100_2
Added Pin To Net: NetName=Netws101_2 Pin=ws101-2
Added Pin To Net: NetName=Netws101_2 Pin=ws102-4
Added Net: Name=Netws101_2
Added Pin To Net: NetName=Netws102_2 Pin=ws102-2
Added Pin To Net: NetName=Netws102_2 Pin=ws103-4
Added Net: Name=Netws102_2
Added Pin To Net: NetName=Netws103_2 Pin=ws103-2
Added Pin To Net: NetName=Netws103_2 Pin=ws104-4
Added Net: Name=Netws103_2
Added Pin To Net: NetName=Netws104_2 Pin=ws104-2
Added Pin To Net: NetName=Netws104_2 Pin=ws105-4
Added Net: Name=Netws104_2
Added Class: Name=panel2
Added Class: Name=panel3
Added Room: Name=panel2
Added Room: Name=panel3
